{
  "stats": {
    "suites": 1,
    "tests": 2,
    "passes": 0,
    "pending": 0,
    "failures": 2,
    "start": "2022-02-15T09:36:43.308Z",
    "end": "2022-02-15T09:37:27.130Z",
    "duration": 43822,
    "testsRegistered": 2,
    "passPercent": 0,
    "pendingPercent": 0,
    "other": 0,
    "hasOther": false,
    "skipped": 0,
    "hasSkipped": false
  },
  "results": [
    {
      "uuid": "7acad0f7-017e-4f34-93ee-7bda5206943f",
      "title": "",
      "fullFile": "cypress/integration/Test.spec.js",
      "file": "cypress/integration/Test.spec.js",
      "beforeHooks": [],
      "afterHooks": [],
      "tests": [],
      "suites": [
        {
          "uuid": "39b959a9-c4eb-4ce7-bcbd-b27f675515c1",
          "title": "Sandbox",
          "fullFile": "",
          "file": "",
          "beforeHooks": [],
          "afterHooks": [],
          "tests": [
            {
              "title": "Cash credited",
              "fullTitle": "Sandbox Cash credited",
              "timedOut": null,
              "duration": 23997,
              "state": "failed",
              "speed": null,
              "pass": false,
              "fail": true,
              "pending": false,
              "context": "\"D:\\\\Sandbox-cypress\\\\cypress\\\\reports\\\\mochareports\\\\assets/Test.spec.js/Sandbox -- Cash credited (failed).png\"",
              "code": "cy.visit('/');\ncy.xpath(\"//button[contains(@class,'selfServiceContactSupport')]\").click();\ncy.xpath(\"//input[@name='Subject']\", {\n  timeout: 50000\n}).type(sandbox.subject);\ncy.xpath(\"//textarea[@name='Description']\", {\n  timeout: 50000\n}).type(sandbox.description);\ncy.xpath(\"//input[@name='SuppliedEmail']\", {\n  timeout: 50000\n}).type(sandbox.emailid);\ncy.xpath(\"//button[contains(@class,'contactSupportButton')]\", {\n  timeout: 50000\n}).click();\ncy.xpath(\"//div[contains(@class,'forceCommunityContactSupportConfirmation')]/h1\").should('have.text', sandbox.casecreated);",
              "err": {
                "message": "AssertionError: Timed out retrying after 4000ms: Expected to find element: `//button[contains(@class,'selfServiceContactSupport')]`, but never found it.",
                "estack": "AssertionError: Timed out retrying after 4000ms: Expected to find element: `//button[contains(@class,'selfServiceContactSupport')]`, but never found it.\n    at Context.eval (https://sandbox-cypress.cs43.force.com/__cypress/tests?p=cypress\\integration\\Test.spec.js:112:8)",
                "diff": null
              },
              "uuid": "a3be7e42-fea7-4746-911f-de8f15ff0398",
              "parentUUID": "39b959a9-c4eb-4ce7-bcbd-b27f675515c1",
              "isHook": false,
              "skipped": false
            },
            {
              "title": "Search item",
              "fullTitle": "Sandbox Search item",
              "timedOut": null,
              "duration": 19514,
              "state": "failed",
              "speed": null,
              "pass": false,
              "fail": true,
              "pending": false,
              "context": "\"D:\\\\Sandbox-cypress\\\\cypress\\\\reports\\\\mochareports\\\\assets/Test.spec.js/Sandbox -- Search item (failed).png\"",
              "code": "cy.visit('/');\ncy.xpath(\"//div[@class='cSearchPublisher']\", {\n  timeout: 50000\n}).type(sandbox.searchitem);\ncy.xpath(\"//div[@class='cSearchPublisher']\", {\n  timeout: 50000\n}).click().trigger('mouseover');\ncy.xpath(\"//div[@class='option-text slds-truncate']//span[@class='all suggestion suggestionText searchOption uiOutputText']\", {\n  timeout: 50000\n}).should('be.visible');\ncy.xpath(\"//div[@class='option-text slds-truncate']//span[@class='all suggestion suggestionText searchOption uiOutputText']\", {\n  timeout: 500000\n}).click();\ncy.xpath(\"//a[text()='Articles']\", {\n  timeout: 500000\n}).click();\ncy.xpath(\"//a[contains(@href,'Los-Angeles-Rams')]\", {\n  timeout: 500000\n}).click({\n  force: true\n});\ncy.xpath(\"//div[@class='detail slds-text-align--center']\", {\n  timeout: 50000\n}).should(\"have.text\", sandbox.popup);\ncy.xpath(\"//button[@title='Close this window']\").should('be.visible').click();\ncy.xpath(\"//div[@class='article-column zoom slds-text-longform selfServiceArticleLayout']\", {\n  timeout: 50000\n}).should('be.visible');\ncy.xpath(\"//div[contains(@class,'slds-form-element')]/../../..//span[text()='Article Number']\", {\n  timeout: 50000\n}).should('be.visible');\ncy.xpath(\"//div[contains(@class,'slds-form-element')]/../../..//span[text()='Article Number']/../..//div[@class='slds-form-element__control slds-grid itemBody']\", {\n  timeout: 50000\n}).then(function ($number) {\n  let ArticleNumber = $number.text();\n  cy.log('my ArticleNumber is', ArticleNumber);\n});",
              "err": {
                "message": "CypressError: Timed out retrying after 4050ms: `cy.click()` failed because this element is detached from the DOM.\n\n`<span class=\"all suggestion suggestionText searchOption uiOutputText\" data-aura-rendered-by=\"12:356;a\" data-aura-class=\"uiOutputText\">\"Los An...</span>`\n\nCypress requires elements be attached in the DOM to interact with them.\n\nThe previous command that ran was:\n\n  > `cy.xpath()`\n\nThis DOM element likely became detached somewhere between the previous and current command.\n\nCommon situations why this happens:\n  - Your JS framework re-rendered asynchronously\n  - Your app code reacted to an event firing and removed the element\n\nYou typically need to re-query for the element or add 'guards' which delay Cypress from running new commands.\n\nhttps://on.cypress.io/element-has-detached-from-dom",
                "estack": "CypressError: Timed out retrying after 4050ms: `cy.click()` failed because this element is detached from the DOM.\n\n`<span class=\"all suggestion suggestionText searchOption uiOutputText\" data-aura-rendered-by=\"12:356;a\" data-aura-class=\"uiOutputText\">\"Los An...</span>`\n\nCypress requires elements be attached in the DOM to interact with them.\n\nThe previous command that ran was:\n\n  > `cy.xpath()`\n\nThis DOM element likely became detached somewhere between the previous and current command.\n\nCommon situations why this happens:\n  - Your JS framework re-rendered asynchronously\n  - Your app code reacted to an event firing and removed the element\n\nYou typically need to re-query for the element or add 'guards' which delay Cypress from running new commands.\n\nhttps://on.cypress.io/element-has-detached-from-dom\n    at $Cy.ensureAttached (https://sandbox-cypress.cs43.force.com/__cypress/runner/cypress_runner.js:163831:76)\n    at runAllChecks (https://sandbox-cypress.cs43.force.com/__cypress/runner/cypress_runner.js:150589:12)\n    at retryActionability (https://sandbox-cypress.cs43.force.com/__cypress/runner/cypress_runner.js:150669:16)\n    at tryCatcher (https://sandbox-cypress.cs43.force.com/__cypress/runner/cypress_runner.js:13196:23)\n    at Function.Promise.attempt.Promise.try (https://sandbox-cypress.cs43.force.com/__cypress/runner/cypress_runner.js:10470:29)\n    at whenStable (https://sandbox-cypress.cs43.force.com/__cypress/runner/cypress_runner.js:168695:63)\n    at https://sandbox-cypress.cs43.force.com/__cypress/runner/cypress_runner.js:168192:14\n    at tryCatcher (https://sandbox-cypress.cs43.force.com/__cypress/runner/cypress_runner.js:13196:23)\n    at Promise._settlePromiseFromHandler (https://sandbox-cypress.cs43.force.com/__cypress/runner/cypress_runner.js:11131:31)\n    at Promise._settlePromise (https://sandbox-cypress.cs43.force.com/__cypress/runner/cypress_runner.js:11188:18)\n    at Promise._settlePromise0 (https://sandbox-cypress.cs43.force.com/__cypress/runner/cypress_runner.js:11233:10)\n    at Promise._settlePromises (https://sandbox-cypress.cs43.force.com/__cypress/runner/cypress_runner.js:11313:18)\n    at Promise._fulfill (https://sandbox-cypress.cs43.force.com/__cypress/runner/cypress_runner.js:11257:18)\n    at https://sandbox-cypress.cs43.force.com/__cypress/runner/cypress_runner.js:12871:46\nFrom Your Spec Code:\n    at Context.eval (https://sandbox-cypress.cs43.force.com/__cypress/tests?p=cypress\\integration\\Test.spec.js:140:8)",
                "diff": null
              },
              "uuid": "cde65fe4-9353-462a-a8ff-7c406c0dd3b2",
              "parentUUID": "39b959a9-c4eb-4ce7-bcbd-b27f675515c1",
              "isHook": false,
              "skipped": false
            }
          ],
          "suites": [],
          "passes": [],
          "failures": [
            "a3be7e42-fea7-4746-911f-de8f15ff0398",
            "cde65fe4-9353-462a-a8ff-7c406c0dd3b2"
          ],
          "pending": [],
          "skipped": [],
          "duration": 43511,
          "root": false,
          "rootEmpty": false,
          "_timeout": 2000
        }
      ],
      "passes": [],
      "failures": [],
      "pending": [],
      "skipped": [],
      "duration": 0,
      "root": true,
      "rootEmpty": true,
      "_timeout": 2000
    }
  ],
  "meta": {
    "mocha": {
      "version": "7.0.1"
    },
    "mochawesome": {
      "options": {
        "quiet": false,
        "reportFilename": "mochawesome",
        "saveHtml": false,
        "saveJson": true,
        "consoleReporter": "spec",
        "useInlineDiffs": false
      },
      "version": "4.1.0"
    },
    "marge": {
      "options": {
        "id": "default",
        "reportDir": "cypress/reports/mocha",
        "quite": false,
        "overwrite": false,
        "html": false,
        "json": true,
        "inlineAssets": false,
        "timestamp": "dd-mm-yyyy_HH:MM"
      },
      "version": "4.1.0"
    }
  }
}