{
  "stats": {
    "suites": 1,
    "tests": 2,
    "passes": 1,
    "pending": 0,
    "failures": 1,
    "start": "2022-02-15T09:32:33.728Z",
    "end": "2022-02-15T09:33:50.514Z",
    "duration": 76786,
    "testsRegistered": 2,
    "passPercent": 50,
    "pendingPercent": 0,
    "other": 0,
    "hasOther": false,
    "skipped": 0,
    "hasSkipped": false
  },
  "results": [
    {
      "uuid": "a57ff1df-d974-4eb1-9b43-d482f758eee2",
      "title": "",
      "fullFile": "cypress/integration/Test.spec.js",
      "file": "cypress/integration/Test.spec.js",
      "beforeHooks": [],
      "afterHooks": [],
      "tests": [],
      "suites": [
        {
          "uuid": "e1181c31-0796-4256-a94c-2480e0475b10",
          "title": "Sandbox",
          "fullFile": "",
          "file": "",
          "beforeHooks": [],
          "afterHooks": [],
          "tests": [
            {
              "title": "Cash credited",
              "fullTitle": "Sandbox Cash credited",
              "timedOut": null,
              "duration": 31553,
              "state": "passed",
              "speed": "slow",
              "pass": true,
              "fail": false,
              "pending": false,
              "context": null,
              "code": "cy.visit('/');\ncy.xpath(\"//button[contains(@class,'selfServiceContactSupport')]\").click();\ncy.xpath(\"//input[@name='Subject']\", {\n  timeout: 50000\n}).type(sandbox.subject);\ncy.xpath(\"//textarea[@name='Description']\", {\n  timeout: 50000\n}).type(sandbox.description);\ncy.xpath(\"//input[@name='SuppliedEmail']\", {\n  timeout: 50000\n}).type(sandbox.emailid);\ncy.xpath(\"//button[contains(@class,'contactSupportButton')]\", {\n  timeout: 50000\n}).click();\ncy.xpath(\"//div[contains(@class,'forceCommunityContactSupportConfirmation')]/h1\").should('have.text', sandbox.casecreated);",
              "err": {},
              "uuid": "b608ba88-699b-479a-ac29-dd53b1c148fd",
              "parentUUID": "e1181c31-0796-4256-a94c-2480e0475b10",
              "isHook": false,
              "skipped": false
            },
            {
              "title": "Search item",
              "fullTitle": "Sandbox Search item",
              "timedOut": null,
              "duration": 44859,
              "state": "failed",
              "speed": null,
              "pass": false,
              "fail": true,
              "pending": false,
              "context": "\"D:\\\\Sandbox-cypress\\\\cypress\\\\reports\\\\mochareports\\\\assets/Test.spec.js/Sandbox -- Search item (failed).png\"",
              "code": "cy.visit('/');\ncy.xpath(\"//div[@class='cSearchPublisher']\", {\n  timeout: 50000\n}).type(sandbox.searchitem);\ncy.xpath(\"//div[@class='cSearchPublisher']\", {\n  timeout: 50000\n}).click().trigger('mouseover');\ncy.xpath(\"//div[@class='option-text slds-truncate']//span[@class='all suggestion suggestionText searchOption uiOutputText']\", {\n  timeout: 50000\n}).should('be.visible');\ncy.xpath(\"//div[@class='option-text slds-truncate']//span[@class='all suggestion suggestionText searchOption uiOutputText']\", {\n  timeout: 500000\n}).click();\ncy.xpath(\"//a[text()='Articles']\", {\n  timeout: 500000\n}).click();\ncy.xpath(\"//a[contains(@href,'Los-Angeles-Rams')]\", {\n  timeout: 500000\n}).click({\n  force: true\n});\ncy.xpath(\"//div[@class='detail slds-text-align--center']\", {\n  timeout: 50000\n}).should(\"have.text\", sandbox.popup);\ncy.xpath(\"//button[@title='Close this window']\").should('be.visible').click();\ncy.xpath(\"//div[@class='article-column zoom slds-text-longform selfServiceArticleLayout']\", {\n  timeout: 50000\n}).should('be.visible');\ncy.xpath(\"//div[contains(@class,'slds-form-element')]/../../..//span[text()='Article Number']\", {\n  timeout: 50000\n}).should('be.visible');\ncy.xpath(\"//div[contains(@class,'slds-form-element')]/../../..//span[text()='Article Number']/../..//div[@class='slds-form-element__control slds-grid itemBody']\", {\n  timeout: 50000\n}).then(function ($number) {\n  let ArticleNumber = $number.text();\n  cy.log('my ArticleNumber is', ArticleNumber);\n});",
              "err": {
                "message": "CypressError: Timed out retrying after 4050ms: `cy.click()` failed because this element is not visible:\n\n`<a href=\"javascript:void(0);\" dir=\"ltr\" title=\"\" class=\"slds-page-header__title slds-text-color--default slds-show--inline-block uiOutputURL\" data-aura-rendered-by=\"921:0\" data-aura-class=\"uiOutputURL\" data-interactive-lib-uid=\"3\">Articles</a>`\n\nThis element `<a.slds-page-header__title.slds-text-color--default.slds-show--inline-block.uiOutputURL>` is not visible because its parent `<div.slds-hide.forceSearchSearchResultsGridHeader>` has CSS property: `display: none`\n\nFix this problem, or use `{force: true}` to disable error checking.\n\nhttps://on.cypress.io/element-cannot-be-interacted-with",
                "estack": "CypressError: Timed out retrying after 4050ms: `cy.click()` failed because this element is not visible:\n\n`<a href=\"javascript:void(0);\" dir=\"ltr\" title=\"\" class=\"slds-page-header__title slds-text-color--default slds-show--inline-block uiOutputURL\" data-aura-rendered-by=\"921:0\" data-aura-class=\"uiOutputURL\" data-interactive-lib-uid=\"3\">Articles</a>`\n\nThis element `<a.slds-page-header__title.slds-text-color--default.slds-show--inline-block.uiOutputURL>` is not visible because its parent `<div.slds-hide.forceSearchSearchResultsGridHeader>` has CSS property: `display: none`\n\nFix this problem, or use `{force: true}` to disable error checking.\n\nhttps://on.cypress.io/element-cannot-be-interacted-with\n    at runVisibilityCheck (https://sandbox-cypress.cs43.force.com/__cypress/runner/cypress_runner.js:163802:76)\n    at $Cy.ensureStrictVisibility (https://sandbox-cypress.cs43.force.com/__cypress/runner/cypress_runner.js:163818:12)\n    at runAllChecks (https://sandbox-cypress.cs43.force.com/__cypress/runner/cypress_runner.js:150614:14)\n    at retryActionability (https://sandbox-cypress.cs43.force.com/__cypress/runner/cypress_runner.js:150669:16)\n    at tryCatcher (https://sandbox-cypress.cs43.force.com/__cypress/runner/cypress_runner.js:13196:23)\n    at Function.Promise.attempt.Promise.try (https://sandbox-cypress.cs43.force.com/__cypress/runner/cypress_runner.js:10470:29)\n    at whenStable (https://sandbox-cypress.cs43.force.com/__cypress/runner/cypress_runner.js:168695:63)\n    at https://sandbox-cypress.cs43.force.com/__cypress/runner/cypress_runner.js:168192:14\n    at tryCatcher (https://sandbox-cypress.cs43.force.com/__cypress/runner/cypress_runner.js:13196:23)\n    at Promise._settlePromiseFromHandler (https://sandbox-cypress.cs43.force.com/__cypress/runner/cypress_runner.js:11131:31)\n    at Promise._settlePromise (https://sandbox-cypress.cs43.force.com/__cypress/runner/cypress_runner.js:11188:18)\n    at Promise._settlePromise0 (https://sandbox-cypress.cs43.force.com/__cypress/runner/cypress_runner.js:11233:10)\n    at Promise._settlePromises (https://sandbox-cypress.cs43.force.com/__cypress/runner/cypress_runner.js:11313:18)\n    at Promise._fulfill (https://sandbox-cypress.cs43.force.com/__cypress/runner/cypress_runner.js:11257:18)\n    at https://sandbox-cypress.cs43.force.com/__cypress/runner/cypress_runner.js:12871:46\nFrom Your Spec Code:\n    at Context.eval (https://sandbox-cypress.cs43.force.com/__cypress/tests?p=cypress\\integration\\Test.spec.js:143:8)",
                "diff": null
              },
              "uuid": "792760d5-ae1b-4d70-97aa-dcc5db50c25f",
              "parentUUID": "e1181c31-0796-4256-a94c-2480e0475b10",
              "isHook": false,
              "skipped": false
            }
          ],
          "suites": [],
          "passes": [
            "b608ba88-699b-479a-ac29-dd53b1c148fd"
          ],
          "failures": [
            "792760d5-ae1b-4d70-97aa-dcc5db50c25f"
          ],
          "pending": [],
          "skipped": [],
          "duration": 76412,
          "root": false,
          "rootEmpty": false,
          "_timeout": 2000
        }
      ],
      "passes": [],
      "failures": [],
      "pending": [],
      "skipped": [],
      "duration": 0,
      "root": true,
      "rootEmpty": true,
      "_timeout": 2000
    }
  ],
  "meta": {
    "mocha": {
      "version": "7.0.1"
    },
    "mochawesome": {
      "options": {
        "quiet": false,
        "reportFilename": "mochawesome",
        "saveHtml": false,
        "saveJson": true,
        "consoleReporter": "spec",
        "useInlineDiffs": false
      },
      "version": "4.1.0"
    },
    "marge": {
      "options": {
        "id": "default",
        "reportDir": "cypress/reports/mocha",
        "quite": false,
        "overwrite": false,
        "html": false,
        "json": true,
        "inlineAssets": false,
        "timestamp": "dd-mm-yyyy_HH:MM"
      },
      "version": "4.1.0"
    }
  }
}