{
  "stats": {
    "suites": 1,
    "tests": 1,
    "passes": 0,
    "pending": 1,
    "failures": 0,
    "start": "2022-02-15T09:24:23.323Z",
    "end": "2022-02-15T09:25:59.702Z",
    "duration": 96379,
    "testsRegistered": 2,
    "passPercent": 0,
    "pendingPercent": 50,
    "other": 1,
    "hasOther": true,
    "skipped": 1,
    "hasSkipped": true
  },
  "results": [
    {
      "uuid": "136dbc04-1e99-48e0-ba9c-401a9f9b2499",
      "title": "",
      "fullFile": "cypress/integration/Test.spec.js",
      "file": "cypress/integration/Test.spec.js",
      "beforeHooks": [],
      "afterHooks": [],
      "tests": [],
      "suites": [
        {
          "uuid": "586f5d2e-b6d8-48e4-ba28-bbcdd201923f",
          "title": "Sandbox",
          "fullFile": "",
          "file": "",
          "beforeHooks": [],
          "afterHooks": [],
          "tests": [
            {
              "title": "Cash credited",
              "fullTitle": "Sandbox Cash credited",
              "timedOut": null,
              "duration": 0,
              "state": "pending",
              "speed": null,
              "pass": false,
              "fail": false,
              "pending": true,
              "context": null,
              "code": "",
              "err": {},
              "uuid": "7fbd7222-0b6e-4e2c-ba97-2973ecc03eab",
              "parentUUID": "586f5d2e-b6d8-48e4-ba28-bbcdd201923f",
              "isHook": false,
              "skipped": false
            },
            {
              "title": "Search item",
              "fullTitle": "Sandbox Search item",
              "timedOut": null,
              "duration": 95965,
              "state": "failed",
              "speed": null,
              "pass": false,
              "fail": true,
              "pending": false,
              "context": "\"D:\\\\Sandbox-cypress\\\\cypress\\\\reports\\\\mochareports\\\\assets/Test.spec.js/Sandbox -- Search item (failed).png\"",
              "code": "cy.visit('/');\ncy.xpath(\"//div[@class='cSearchPublisher']\", {\n  timeout: 50000\n}).type(sandbox.searchitem);\ncy.xpath(\"//div[@class='cSearchPublisher']\", {\n  timeout: 50000\n}).click().trigger('mouseover');\ncy.xpath(\"//div[@class='option-text slds-truncate']//span[@class='all suggestion suggestionText searchOption uiOutputText']\", {\n  timeout: 50000\n}).should('be.visible');\ncy.xpath(\"//div[@class='option-text slds-truncate']//span[@class='all suggestion suggestionText searchOption uiOutputText']\", {\n  timeout: 500000\n}).click();\ncy.xpath(\"//a[text()='Articles']\", {\n  timeout: 500000\n}).click();\ncy.xpath(\"//a[contains(@href,'Los-Angeles-Rams')]\", {\n  timeout: 500000\n}).click({\n  force: true\n});\ncy.xpath(\"//div[@class='detail slds-text-align--center']\", {\n  timeout: 50000\n}).should(\"have.text\", sandbox.popup);\ncy.xpath(\"//button[@title='Close this window']\").should('be.visible').click();\ncy.xpath(\"//div[@class='article-column zoom slds-text-longform selfServiceArticleLayout']\", {\n  timeout: 50000\n}).should('be.visible');\ncy.xpath(\"//div[contains(@class,'slds-form-element')]/../../..//span[text()='Article Number']\", {\n  timeout: 50000\n}).should('be.visible');\ncy.xpath(\"//div[contains(@class,'slds-form-element')]/../../..//span[text()='Article Number']/../..//div[@class='slds-form-element__control slds-grid itemBody']\", {\n  timeout: 50000\n}).then(function ($number) {\n  let ArticleNumber = $number.text();\n  cy.log('my ArticleNumber is', ArticleNumber);\n});",
              "err": {
                "message": "AssertionError: Timed out retrying after 50000ms: Expected to find element: `//div[contains(@class,'slds-form-element')]/../../..//span[text()='Article Number']`, but never found it.",
                "estack": "AssertionError: Timed out retrying after 50000ms: Expected to find element: `//div[contains(@class,'slds-form-element')]/../../..//span[text()='Article Number']`, but never found it.\n    at Context.eval (https://sandbox-cypress.cs43.force.com/__cypress/tests?p=cypress\\integration\\Test.spec.js:158:8)",
                "diff": null
              },
              "uuid": "13a45c02-6fcd-4b1a-ab32-b89c67497408",
              "parentUUID": "586f5d2e-b6d8-48e4-ba28-bbcdd201923f",
              "isHook": false,
              "skipped": false
            }
          ],
          "suites": [],
          "passes": [],
          "failures": [
            "13a45c02-6fcd-4b1a-ab32-b89c67497408"
          ],
          "pending": [
            "7fbd7222-0b6e-4e2c-ba97-2973ecc03eab"
          ],
          "skipped": [],
          "duration": 95965,
          "root": false,
          "rootEmpty": false,
          "_timeout": 2000
        }
      ],
      "passes": [],
      "failures": [],
      "pending": [],
      "skipped": [],
      "duration": 0,
      "root": true,
      "rootEmpty": true,
      "_timeout": 2000
    }
  ],
  "meta": {
    "mocha": {
      "version": "7.0.1"
    },
    "mochawesome": {
      "options": {
        "quiet": false,
        "reportFilename": "mochawesome",
        "saveHtml": false,
        "saveJson": true,
        "consoleReporter": "spec",
        "useInlineDiffs": false
      },
      "version": "4.1.0"
    },
    "marge": {
      "options": {
        "id": "default",
        "reportDir": "cypress/reports/mocha",
        "quite": false,
        "overwrite": false,
        "html": false,
        "json": true,
        "inlineAssets": false,
        "timestamp": "dd-mm-yyyy_HH:MM"
      },
      "version": "4.1.0"
    }
  }
}